
> isomorphic-furyroad@0.0.1 start M:\isomorphic v7.4.0 - React admin dashboard template\isomorphic\apps\isomorphic
> next start

  ▲ Next.js 14.2.15
  - Local:        http://localhost:3000

 ✓ Starting...
 ✓ Ready in 1025ms
TypeError: fetch failed
    at node:internal/deps/undici/undici:13392:13
    at process.processTicksAndRejections (node:internal/process/task_queues:105:5)
    at async fetchExternalImage (M:\isomorphic v7.4.0 - React admin dashboard template\isomorphic\node_modules\.pnpm\next@14.2.15_@babel+core@7.24.5_react-dom@18.3.1_react@18.3.1__react@18.3.1\node_modules\next\dist\server\image-optimizer.js:589:17)
    at async NextNodeServer.imageOptimizer (M:\isomorphic v7.4.0 - React admin dashboard template\isomorphic\node_modules\.pnpm\next@14.2.15_@babel+core@7.24.5_react-dom@18.3.1_react@18.3.1__react@18.3.1\node_modules\next\dist\server\next-server.js:649:48)
    at async cacheEntry.imageResponseCache.get.incrementalCache (M:\isomorphic v7.4.0 - React admin dashboard template\isomorphic\node_modules\.pnpm\next@14.2.15_@babel+core@7.24.5_react-dom@18.3.1_react@18.3.1__react@18.3.1\node_modules\next\dist\server\next-server.js:182:65)
    at async M:\isomorphic v7.4.0 - React admin dashboard template\isomorphic\node_modules\.pnpm\next@14.2.15_@babel+core@7.24.5_react-dom@18.3.1_react@18.3.1__react@18.3.1\node_modules\next\dist\server\response-cache\index.js:90:36
    at async M:\isomorphic v7.4.0 - React admin dashboard template\isomorphic\node_modules\.pnpm\next@14.2.15_@babel+core@7.24.5_react-dom@18.3.1_react@18.3.1__react@18.3.1\node_modules\next\dist\lib\batcher.js:45:32 {
  [cause]: Error: getaddrinfo ENOTFOUND isomorphic-furyroad.s3.amazonaws.com
      at GetAddrInfoReqWrap.onlookupall [as oncomplete] (node:dns:120:26)
      at GetAddrInfoReqWrap.callbackTrampoline (node:internal/async_hooks:130:17) {
    errno: -3008,
    code: 'ENOTFOUND',
    syscall: 'getaddrinfo',
    hostname: 'isomorphic-furyroad.s3.amazonaws.com'
  }
}
TypeError: fetch failed
    at node:internal/deps/undici/undici:13392:13
    at process.processTicksAndRejections (node:internal/process/task_queues:105:5)
    at async fetchExternalImage (M:\isomorphic v7.4.0 - React admin dashboard template\isomorphic\node_modules\.pnpm\next@14.2.15_@babel+core@7.24.5_react-dom@18.3.1_react@18.3.1__react@18.3.1\node_modules\next\dist\server\image-optimizer.js:589:17)
    at async NextNodeServer.imageOptimizer (M:\isomorphic v7.4.0 - React admin dashboard template\isomorphic\node_modules\.pnpm\next@14.2.15_@babel+core@7.24.5_react-dom@18.3.1_react@18.3.1__react@18.3.1\node_modules\next\dist\server\next-server.js:649:48)
    at async cacheEntry.imageResponseCache.get.incrementalCache (M:\isomorphic v7.4.0 - React admin dashboard template\isomorphic\node_modules\.pnpm\next@14.2.15_@babel+core@7.24.5_react-dom@18.3.1_react@18.3.1__react@18.3.1\node_modules\next\dist\server\next-server.js:182:65)
    at async M:\isomorphic v7.4.0 - React admin dashboard template\isomorphic\node_modules\.pnpm\next@14.2.15_@babel+core@7.24.5_react-dom@18.3.1_react@18.3.1__react@18.3.1\node_modules\next\dist\server\response-cache\index.js:90:36
    at async M:\isomorphic v7.4.0 - React admin dashboard template\isomorphic\node_modules\.pnpm\next@14.2.15_@babel+core@7.24.5_react-dom@18.3.1_react@18.3.1__react@18.3.1\node_modules\next\dist\lib\batcher.js:45:32 {
  [cause]: Error: getaddrinfo ENOTFOUND isomorphic-furyroad.s3.amazonaws.com
      at GetAddrInfoReqWrap.onlookupall [as oncomplete] (node:dns:120:26)
      at GetAddrInfoReqWrap.callbackTrampoline (node:internal/async_hooks:130:17) {
    errno: -3008,
    code: 'ENOTFOUND',
    syscall: 'getaddrinfo',
    hostname: 'isomorphic-furyroad.s3.amazonaws.com'
  }
}
TypeError: fetch failed
    at node:internal/deps/undici/undici:13392:13
    at process.processTicksAndRejections (node:internal/process/task_queues:105:5)
    at async fetchExternalImage (M:\isomorphic v7.4.0 - React admin dashboard template\isomorphic\node_modules\.pnpm\next@14.2.15_@babel+core@7.24.5_react-dom@18.3.1_react@18.3.1__react@18.3.1\node_modules\next\dist\server\image-optimizer.js:589:17)
    at async NextNodeServer.imageOptimizer (M:\isomorphic v7.4.0 - React admin dashboard template\isomorphic\node_modules\.pnpm\next@14.2.15_@babel+core@7.24.5_react-dom@18.3.1_react@18.3.1__react@18.3.1\node_modules\next\dist\server\next-server.js:649:48)
    at async cacheEntry.imageResponseCache.get.incrementalCache (M:\isomorphic v7.4.0 - React admin dashboard template\isomorphic\node_modules\.pnpm\next@14.2.15_@babel+core@7.24.5_react-dom@18.3.1_react@18.3.1__react@18.3.1\node_modules\next\dist\server\next-server.js:182:65)
    at async M:\isomorphic v7.4.0 - React admin dashboard template\isomorphic\node_modules\.pnpm\next@14.2.15_@babel+core@7.24.5_react-dom@18.3.1_react@18.3.1__react@18.3.1\node_modules\next\dist\server\response-cache\index.js:90:36
    at async M:\isomorphic v7.4.0 - React admin dashboard template\isomorphic\node_modules\.pnpm\next@14.2.15_@babel+core@7.24.5_react-dom@18.3.1_react@18.3.1__react@18.3.1\node_modules\next\dist\lib\batcher.js:45:32 {
  [cause]: Error: getaddrinfo ENOTFOUND isomorphic-furyroad.s3.amazonaws.com
      at GetAddrInfoReqWrap.onlookupall [as oncomplete] (node:dns:120:26)
      at GetAddrInfoReqWrap.callbackTrampoline (node:internal/async_hooks:130:17) {
    errno: -3008,
    code: 'ENOTFOUND',
    syscall: 'getaddrinfo',
    hostname: 'isomorphic-furyroad.s3.amazonaws.com'
  }
}
TypeError: fetch failed
    at node:internal/deps/undici/undici:13392:13
    at process.processTicksAndRejections (node:internal/process/task_queues:105:5)
    at async fetchExternalImage (M:\isomorphic v7.4.0 - React admin dashboard template\isomorphic\node_modules\.pnpm\next@14.2.15_@babel+core@7.24.5_react-dom@18.3.1_react@18.3.1__react@18.3.1\node_modules\next\dist\server\image-optimizer.js:589:17)
    at async NextNodeServer.imageOptimizer (M:\isomorphic v7.4.0 - React admin dashboard template\isomorphic\node_modules\.pnpm\next@14.2.15_@babel+core@7.24.5_react-dom@18.3.1_react@18.3.1__react@18.3.1\node_modules\next\dist\server\next-server.js:649:48)
    at async cacheEntry.imageResponseCache.get.incrementalCache (M:\isomorphic v7.4.0 - React admin dashboard template\isomorphic\node_modules\.pnpm\next@14.2.15_@babel+core@7.24.5_react-dom@18.3.1_react@18.3.1__react@18.3.1\node_modules\next\dist\server\next-server.js:182:65)
    at async M:\isomorphic v7.4.0 - React admin dashboard template\isomorphic\node_modules\.pnpm\next@14.2.15_@babel+core@7.24.5_react-dom@18.3.1_react@18.3.1__react@18.3.1\node_modules\next\dist\server\response-cache\index.js:90:36
    at async M:\isomorphic v7.4.0 - React admin dashboard template\isomorphic\node_modules\.pnpm\next@14.2.15_@babel+core@7.24.5_react-dom@18.3.1_react@18.3.1__react@18.3.1\node_modules\next\dist\lib\batcher.js:45:32 {
  [cause]: Error: getaddrinfo ENOTFOUND isomorphic-furyroad.s3.amazonaws.com
      at GetAddrInfoReqWrap.onlookupall [as oncomplete] (node:dns:120:26)
      at GetAddrInfoReqWrap.callbackTrampoline (node:internal/async_hooks:130:17) {
    errno: -3008,
    code: 'ENOTFOUND',
    syscall: 'getaddrinfo',
    hostname: 'isomorphic-furyroad.s3.amazonaws.com'
  }
}
TypeError: fetch failed
    at node:internal/deps/undici/undici:13392:13
    at process.processTicksAndRejections (node:internal/process/task_queues:105:5)
    at async fetchExternalImage (M:\isomorphic v7.4.0 - React admin dashboard template\isomorphic\node_modules\.pnpm\next@14.2.15_@babel+core@7.24.5_react-dom@18.3.1_react@18.3.1__react@18.3.1\node_modules\next\dist\server\image-optimizer.js:589:17)
    at async NextNodeServer.imageOptimizer (M:\isomorphic v7.4.0 - React admin dashboard template\isomorphic\node_modules\.pnpm\next@14.2.15_@babel+core@7.24.5_react-dom@18.3.1_react@18.3.1__react@18.3.1\node_modules\next\dist\server\next-server.js:649:48)
    at async cacheEntry.imageResponseCache.get.incrementalCache (M:\isomorphic v7.4.0 - React admin dashboard template\isomorphic\node_modules\.pnpm\next@14.2.15_@babel+core@7.24.5_react-dom@18.3.1_react@18.3.1__react@18.3.1\node_modules\next\dist\server\next-server.js:182:65)
    at async M:\isomorphic v7.4.0 - React admin dashboard template\isomorphic\node_modules\.pnpm\next@14.2.15_@babel+core@7.24.5_react-dom@18.3.1_react@18.3.1__react@18.3.1\node_modules\next\dist\server\response-cache\index.js:90:36
    at async M:\isomorphic v7.4.0 - React admin dashboard template\isomorphic\node_modules\.pnpm\next@14.2.15_@babel+core@7.24.5_react-dom@18.3.1_react@18.3.1__react@18.3.1\node_modules\next\dist\lib\batcher.js:45:32 {
  [cause]: Error: getaddrinfo ENOTFOUND isomorphic-furyroad.s3.amazonaws.com
      at GetAddrInfoReqWrap.onlookupall [as oncomplete] (node:dns:120:26)
      at GetAddrInfoReqWrap.callbackTrampoline (node:internal/async_hooks:130:17) {
    errno: -3008,
    code: 'ENOTFOUND',
    syscall: 'getaddrinfo',
    hostname: 'isomorphic-furyroad.s3.amazonaws.com'
  }
}
TypeError: fetch failed
    at node:internal/deps/undici/undici:13392:13
    at process.processTicksAndRejections (node:internal/process/task_queues:105:5)
    at async fetchExternalImage (M:\isomorphic v7.4.0 - React admin dashboard template\isomorphic\node_modules\.pnpm\next@14.2.15_@babel+core@7.24.5_react-dom@18.3.1_react@18.3.1__react@18.3.1\node_modules\next\dist\server\image-optimizer.js:589:17)
    at async NextNodeServer.imageOptimizer (M:\isomorphic v7.4.0 - React admin dashboard template\isomorphic\node_modules\.pnpm\next@14.2.15_@babel+core@7.24.5_react-dom@18.3.1_react@18.3.1__react@18.3.1\node_modules\next\dist\server\next-server.js:649:48)
    at async cacheEntry.imageResponseCache.get.incrementalCache (M:\isomorphic v7.4.0 - React admin dashboard template\isomorphic\node_modules\.pnpm\next@14.2.15_@babel+core@7.24.5_react-dom@18.3.1_react@18.3.1__react@18.3.1\node_modules\next\dist\server\next-server.js:182:65)
    at async M:\isomorphic v7.4.0 - React admin dashboard template\isomorphic\node_modules\.pnpm\next@14.2.15_@babel+core@7.24.5_react-dom@18.3.1_react@18.3.1__react@18.3.1\node_modules\next\dist\server\response-cache\index.js:90:36
    at async M:\isomorphic v7.4.0 - React admin dashboard template\isomorphic\node_modules\.pnpm\next@14.2.15_@babel+core@7.24.5_react-dom@18.3.1_react@18.3.1__react@18.3.1\node_modules\next\dist\lib\batcher.js:45:32 {
  [cause]: Error: getaddrinfo ENOTFOUND isomorphic-furyroad.s3.amazonaws.com
      at GetAddrInfoReqWrap.onlookupall [as oncomplete] (node:dns:120:26)
      at GetAddrInfoReqWrap.callbackTrampoline (node:internal/async_hooks:130:17) {
    errno: -3008,
    code: 'ENOTFOUND',
    syscall: 'getaddrinfo',
    hostname: 'isomorphic-furyroad.s3.amazonaws.com'
  }
}
TypeError: fetch failed
    at node:internal/deps/undici/undici:13392:13
    at process.processTicksAndRejections (node:internal/process/task_queues:105:5)
    at async fetchExternalImage (M:\isomorphic v7.4.0 - React admin dashboard template\isomorphic\node_modules\.pnpm\next@14.2.15_@babel+core@7.24.5_react-dom@18.3.1_react@18.3.1__react@18.3.1\node_modules\next\dist\server\image-optimizer.js:589:17)
    at async NextNodeServer.imageOptimizer (M:\isomorphic v7.4.0 - React admin dashboard template\isomorphic\node_modules\.pnpm\next@14.2.15_@babel+core@7.24.5_react-dom@18.3.1_react@18.3.1__react@18.3.1\node_modules\next\dist\server\next-server.js:649:48)
    at async cacheEntry.imageResponseCache.get.incrementalCache (M:\isomorphic v7.4.0 - React admin dashboard template\isomorphic\node_modules\.pnpm\next@14.2.15_@babel+core@7.24.5_react-dom@18.3.1_react@18.3.1__react@18.3.1\node_modules\next\dist\server\next-server.js:182:65)
    at async M:\isomorphic v7.4.0 - React admin dashboard template\isomorphic\node_modules\.pnpm\next@14.2.15_@babel+core@7.24.5_react-dom@18.3.1_react@18.3.1__react@18.3.1\node_modules\next\dist\server\response-cache\index.js:90:36
    at async M:\isomorphic v7.4.0 - React admin dashboard template\isomorphic\node_modules\.pnpm\next@14.2.15_@babel+core@7.24.5_react-dom@18.3.1_react@18.3.1__react@18.3.1\node_modules\next\dist\lib\batcher.js:45:32 {
  [cause]: Error: getaddrinfo ENOTFOUND isomorphic-furyroad.s3.amazonaws.com
      at GetAddrInfoReqWrap.onlookupall [as oncomplete] (node:dns:120:26)
      at GetAddrInfoReqWrap.callbackTrampoline (node:internal/async_hooks:130:17) {
    errno: -3008,
    code: 'ENOTFOUND',
    syscall: 'getaddrinfo',
    hostname: 'isomorphic-furyroad.s3.amazonaws.com'
  }
}
TypeError: fetch failed
    at node:internal/deps/undici/undici:13392:13
    at process.processTicksAndRejections (node:internal/process/task_queues:105:5)
    at async fetchExternalImage (M:\isomorphic v7.4.0 - React admin dashboard template\isomorphic\node_modules\.pnpm\next@14.2.15_@babel+core@7.24.5_react-dom@18.3.1_react@18.3.1__react@18.3.1\node_modules\next\dist\server\image-optimizer.js:589:17)
    at async NextNodeServer.imageOptimizer (M:\isomorphic v7.4.0 - React admin dashboard template\isomorphic\node_modules\.pnpm\next@14.2.15_@babel+core@7.24.5_react-dom@18.3.1_react@18.3.1__react@18.3.1\node_modules\next\dist\server\next-server.js:649:48)
    at async cacheEntry.imageResponseCache.get.incrementalCache (M:\isomorphic v7.4.0 - React admin dashboard template\isomorphic\node_modules\.pnpm\next@14.2.15_@babel+core@7.24.5_react-dom@18.3.1_react@18.3.1__react@18.3.1\node_modules\next\dist\server\next-server.js:182:65)
    at async M:\isomorphic v7.4.0 - React admin dashboard template\isomorphic\node_modules\.pnpm\next@14.2.15_@babel+core@7.24.5_react-dom@18.3.1_react@18.3.1__react@18.3.1\node_modules\next\dist\server\response-cache\index.js:90:36
    at async M:\isomorphic v7.4.0 - React admin dashboard template\isomorphic\node_modules\.pnpm\next@14.2.15_@babel+core@7.24.5_react-dom@18.3.1_react@18.3.1__react@18.3.1\node_modules\next\dist\lib\batcher.js:45:32 {
  [cause]: Error: getaddrinfo ENOTFOUND isomorphic-furyroad.s3.amazonaws.com
      at GetAddrInfoReqWrap.onlookupall [as oncomplete] (node:dns:120:26)
      at GetAddrInfoReqWrap.callbackTrampoline (node:internal/async_hooks:130:17) {
    errno: -3008,
    code: 'ENOTFOUND',
    syscall: 'getaddrinfo',
    hostname: 'isomorphic-furyroad.s3.amazonaws.com'
  }
}
TypeError: fetch failed
    at node:internal/deps/undici/undici:13392:13
    at process.processTicksAndRejections (node:internal/process/task_queues:105:5)
    at async fetchExternalImage (M:\isomorphic v7.4.0 - React admin dashboard template\isomorphic\node_modules\.pnpm\next@14.2.15_@babel+core@7.24.5_react-dom@18.3.1_react@18.3.1__react@18.3.1\node_modules\next\dist\server\image-optimizer.js:589:17)
    at async NextNodeServer.imageOptimizer (M:\isomorphic v7.4.0 - React admin dashboard template\isomorphic\node_modules\.pnpm\next@14.2.15_@babel+core@7.24.5_react-dom@18.3.1_react@18.3.1__react@18.3.1\node_modules\next\dist\server\next-server.js:649:48)
    at async cacheEntry.imageResponseCache.get.incrementalCache (M:\isomorphic v7.4.0 - React admin dashboard template\isomorphic\node_modules\.pnpm\next@14.2.15_@babel+core@7.24.5_react-dom@18.3.1_react@18.3.1__react@18.3.1\node_modules\next\dist\server\next-server.js:182:65)
    at async M:\isomorphic v7.4.0 - React admin dashboard template\isomorphic\node_modules\.pnpm\next@14.2.15_@babel+core@7.24.5_react-dom@18.3.1_react@18.3.1__react@18.3.1\node_modules\next\dist\server\response-cache\index.js:90:36
    at async M:\isomorphic v7.4.0 - React admin dashboard template\isomorphic\node_modules\.pnpm\next@14.2.15_@babel+core@7.24.5_react-dom@18.3.1_react@18.3.1__react@18.3.1\node_modules\next\dist\lib\batcher.js:45:32 {
  [cause]: Error: getaddrinfo ENOTFOUND isomorphic-furyroad.s3.amazonaws.com
      at GetAddrInfoReqWrap.onlookupall [as oncomplete] (node:dns:120:26)
      at GetAddrInfoReqWrap.callbackTrampoline (node:internal/async_hooks:130:17) {
    errno: -3008,
    code: 'ENOTFOUND',
    syscall: 'getaddrinfo',
    hostname: 'isomorphic-furyroad.s3.amazonaws.com'
  }
}
TypeError: fetch failed
    at node:internal/deps/undici/undici:13392:13
    at process.processTicksAndRejections (node:internal/process/task_queues:105:5)
    at async fetchExternalImage (M:\isomorphic v7.4.0 - React admin dashboard template\isomorphic\node_modules\.pnpm\next@14.2.15_@babel+core@7.24.5_react-dom@18.3.1_react@18.3.1__react@18.3.1\node_modules\next\dist\server\image-optimizer.js:589:17)
    at async NextNodeServer.imageOptimizer (M:\isomorphic v7.4.0 - React admin dashboard template\isomorphic\node_modules\.pnpm\next@14.2.15_@babel+core@7.24.5_react-dom@18.3.1_react@18.3.1__react@18.3.1\node_modules\next\dist\server\next-server.js:649:48)
    at async cacheEntry.imageResponseCache.get.incrementalCache (M:\isomorphic v7.4.0 - React admin dashboard template\isomorphic\node_modules\.pnpm\next@14.2.15_@babel+core@7.24.5_react-dom@18.3.1_react@18.3.1__react@18.3.1\node_modules\next\dist\server\next-server.js:182:65)
    at async M:\isomorphic v7.4.0 - React admin dashboard template\isomorphic\node_modules\.pnpm\next@14.2.15_@babel+core@7.24.5_react-dom@18.3.1_react@18.3.1__react@18.3.1\node_modules\next\dist\server\response-cache\index.js:90:36
    at async M:\isomorphic v7.4.0 - React admin dashboard template\isomorphic\node_modules\.pnpm\next@14.2.15_@babel+core@7.24.5_react-dom@18.3.1_react@18.3.1__react@18.3.1\node_modules\next\dist\lib\batcher.js:45:32 {
  [cause]: Error: getaddrinfo ENOTFOUND isomorphic-furyroad.s3.amazonaws.com
      at GetAddrInfoReqWrap.onlookupall [as oncomplete] (node:dns:120:26)
      at GetAddrInfoReqWrap.callbackTrampoline (node:internal/async_hooks:130:17) {
    errno: -3008,
    code: 'ENOTFOUND',
    syscall: 'getaddrinfo',
    hostname: 'isomorphic-furyroad.s3.amazonaws.com'
  }
}
TypeError: fetch failed
    at node:internal/deps/undici/undici:13392:13
    at process.processTicksAndRejections (node:internal/process/task_queues:105:5)
    at async fetchExternalImage (M:\isomorphic v7.4.0 - React admin dashboard template\isomorphic\node_modules\.pnpm\next@14.2.15_@babel+core@7.24.5_react-dom@18.3.1_react@18.3.1__react@18.3.1\node_modules\next\dist\server\image-optimizer.js:589:17)
    at async NextNodeServer.imageOptimizer (M:\isomorphic v7.4.0 - React admin dashboard template\isomorphic\node_modules\.pnpm\next@14.2.15_@babel+core@7.24.5_react-dom@18.3.1_react@18.3.1__react@18.3.1\node_modules\next\dist\server\next-server.js:649:48)
    at async cacheEntry.imageResponseCache.get.incrementalCache (M:\isomorphic v7.4.0 - React admin dashboard template\isomorphic\node_modules\.pnpm\next@14.2.15_@babel+core@7.24.5_react-dom@18.3.1_react@18.3.1__react@18.3.1\node_modules\next\dist\server\next-server.js:182:65)
    at async M:\isomorphic v7.4.0 - React admin dashboard template\isomorphic\node_modules\.pnpm\next@14.2.15_@babel+core@7.24.5_react-dom@18.3.1_react@18.3.1__react@18.3.1\node_modules\next\dist\server\response-cache\index.js:90:36
    at async M:\isomorphic v7.4.0 - React admin dashboard template\isomorphic\node_modules\.pnpm\next@14.2.15_@babel+core@7.24.5_react-dom@18.3.1_react@18.3.1__react@18.3.1\node_modules\next\dist\lib\batcher.js:45:32 {
  [cause]: Error: getaddrinfo ENOTFOUND isomorphic-furyroad.s3.amazonaws.com
      at GetAddrInfoReqWrap.onlookupall [as oncomplete] (node:dns:120:26)
      at GetAddrInfoReqWrap.callbackTrampoline (node:internal/async_hooks:130:17) {
    errno: -3008,
    code: 'ENOTFOUND',
    syscall: 'getaddrinfo',
    hostname: 'isomorphic-furyroad.s3.amazonaws.com'
  }
}
TypeError: fetch failed
    at node:internal/deps/undici/undici:13392:13
    at process.processTicksAndRejections (node:internal/process/task_queues:105:5)
    at async fetchExternalImage (M:\isomorphic v7.4.0 - React admin dashboard template\isomorphic\node_modules\.pnpm\next@14.2.15_@babel+core@7.24.5_react-dom@18.3.1_react@18.3.1__react@18.3.1\node_modules\next\dist\server\image-optimizer.js:589:17)
    at async NextNodeServer.imageOptimizer (M:\isomorphic v7.4.0 - React admin dashboard template\isomorphic\node_modules\.pnpm\next@14.2.15_@babel+core@7.24.5_react-dom@18.3.1_react@18.3.1__react@18.3.1\node_modules\next\dist\server\next-server.js:649:48)
    at async cacheEntry.imageResponseCache.get.incrementalCache (M:\isomorphic v7.4.0 - React admin dashboard template\isomorphic\node_modules\.pnpm\next@14.2.15_@babel+core@7.24.5_react-dom@18.3.1_react@18.3.1__react@18.3.1\node_modules\next\dist\server\next-server.js:182:65)
    at async M:\isomorphic v7.4.0 - React admin dashboard template\isomorphic\node_modules\.pnpm\next@14.2.15_@babel+core@7.24.5_react-dom@18.3.1_react@18.3.1__react@18.3.1\node_modules\next\dist\server\response-cache\index.js:90:36
    at async M:\isomorphic v7.4.0 - React admin dashboard template\isomorphic\node_modules\.pnpm\next@14.2.15_@babel+core@7.24.5_react-dom@18.3.1_react@18.3.1__react@18.3.1\node_modules\next\dist\lib\batcher.js:45:32 {
  [cause]: Error: getaddrinfo ENOTFOUND isomorphic-furyroad.s3.amazonaws.com
      at GetAddrInfoReqWrap.onlookupall [as oncomplete] (node:dns:120:26)
      at GetAddrInfoReqWrap.callbackTrampoline (node:internal/async_hooks:130:17) {
    errno: -3008,
    code: 'ENOTFOUND',
    syscall: 'getaddrinfo',
    hostname: 'isomorphic-furyroad.s3.amazonaws.com'
  }
}
TypeError: fetch failed
    at node:internal/deps/undici/undici:13392:13
    at process.processTicksAndRejections (node:internal/process/task_queues:105:5)
    at async fetchExternalImage (M:\isomorphic v7.4.0 - React admin dashboard template\isomorphic\node_modules\.pnpm\next@14.2.15_@babel+core@7.24.5_react-dom@18.3.1_react@18.3.1__react@18.3.1\node_modules\next\dist\server\image-optimizer.js:589:17)
    at async NextNodeServer.imageOptimizer (M:\isomorphic v7.4.0 - React admin dashboard template\isomorphic\node_modules\.pnpm\next@14.2.15_@babel+core@7.24.5_react-dom@18.3.1_react@18.3.1__react@18.3.1\node_modules\next\dist\server\next-server.js:649:48)
    at async cacheEntry.imageResponseCache.get.incrementalCache (M:\isomorphic v7.4.0 - React admin dashboard template\isomorphic\node_modules\.pnpm\next@14.2.15_@babel+core@7.24.5_react-dom@18.3.1_react@18.3.1__react@18.3.1\node_modules\next\dist\server\next-server.js:182:65)
    at async M:\isomorphic v7.4.0 - React admin dashboard template\isomorphic\node_modules\.pnpm\next@14.2.15_@babel+core@7.24.5_react-dom@18.3.1_react@18.3.1__react@18.3.1\node_modules\next\dist\server\response-cache\index.js:90:36
    at async M:\isomorphic v7.4.0 - React admin dashboard template\isomorphic\node_modules\.pnpm\next@14.2.15_@babel+core@7.24.5_react-dom@18.3.1_react@18.3.1__react@18.3.1\node_modules\next\dist\lib\batcher.js:45:32 {
  [cause]: Error: getaddrinfo ENOTFOUND isomorphic-furyroad.s3.amazonaws.com
      at GetAddrInfoReqWrap.onlookupall [as oncomplete] (node:dns:120:26)
      at GetAddrInfoReqWrap.callbackTrampoline (node:internal/async_hooks:130:17) {
    errno: -3008,
    code: 'ENOTFOUND',
    syscall: 'getaddrinfo',
    hostname: 'isomorphic-furyroad.s3.amazonaws.com'
  }
}
TypeError: fetch failed
    at node:internal/deps/undici/undici:13392:13
    at process.processTicksAndRejections (node:internal/process/task_queues:105:5)
    at async fetchExternalImage (M:\isomorphic v7.4.0 - React admin dashboard template\isomorphic\node_modules\.pnpm\next@14.2.15_@babel+core@7.24.5_react-dom@18.3.1_react@18.3.1__react@18.3.1\node_modules\next\dist\server\image-optimizer.js:589:17)
    at async NextNodeServer.imageOptimizer (M:\isomorphic v7.4.0 - React admin dashboard template\isomorphic\node_modules\.pnpm\next@14.2.15_@babel+core@7.24.5_react-dom@18.3.1_react@18.3.1__react@18.3.1\node_modules\next\dist\server\next-server.js:649:48)
    at async cacheEntry.imageResponseCache.get.incrementalCache (M:\isomorphic v7.4.0 - React admin dashboard template\isomorphic\node_modules\.pnpm\next@14.2.15_@babel+core@7.24.5_react-dom@18.3.1_react@18.3.1__react@18.3.1\node_modules\next\dist\server\next-server.js:182:65)
    at async M:\isomorphic v7.4.0 - React admin dashboard template\isomorphic\node_modules\.pnpm\next@14.2.15_@babel+core@7.24.5_react-dom@18.3.1_react@18.3.1__react@18.3.1\node_modules\next\dist\server\response-cache\index.js:90:36
    at async M:\isomorphic v7.4.0 - React admin dashboard template\isomorphic\node_modules\.pnpm\next@14.2.15_@babel+core@7.24.5_react-dom@18.3.1_react@18.3.1__react@18.3.1\node_modules\next\dist\lib\batcher.js:45:32 {
  [cause]: Error: getaddrinfo ENOTFOUND isomorphic-furyroad.s3.amazonaws.com
      at GetAddrInfoReqWrap.onlookupall [as oncomplete] (node:dns:120:26)
      at GetAddrInfoReqWrap.callbackTrampoline (node:internal/async_hooks:130:17) {
    errno: -3008,
    code: 'ENOTFOUND',
    syscall: 'getaddrinfo',
    hostname: 'isomorphic-furyroad.s3.amazonaws.com'
  }
}
 ⨯ TypeError: fetch failed
    at node:internal/deps/undici/undici:13392:13
    at process.processTicksAndRejections (node:internal/process/task_queues:105:5)
    at async fetchExternalImage (M:\isomorphic v7.4.0 - React admin dashboard template\isomorphic\node_modules\.pnpm\next@14.2.15_@babel+core@7.24.5_react-dom@18.3.1_react@18.3.1__react@18.3.1\node_modules\next\dist\server\image-optimizer.js:589:17)
    at async NextNodeServer.imageOptimizer (M:\isomorphic v7.4.0 - React admin dashboard template\isomorphic\node_modules\.pnpm\next@14.2.15_@babel+core@7.24.5_react-dom@18.3.1_react@18.3.1__react@18.3.1\node_modules\next\dist\server\next-server.js:649:48)
    at async cacheEntry.imageResponseCache.get.incrementalCache (M:\isomorphic v7.4.0 - React admin dashboard template\isomorphic\node_modules\.pnpm\next@14.2.15_@babel+core@7.24.5_react-dom@18.3.1_react@18.3.1__react@18.3.1\node_modules\next\dist\server\next-server.js:182:65)
    at async M:\isomorphic v7.4.0 - React admin dashboard template\isomorphic\node_modules\.pnpm\next@14.2.15_@babel+core@7.24.5_react-dom@18.3.1_react@18.3.1__react@18.3.1\node_modules\next\dist\server\response-cache\index.js:90:36
    at async M:\isomorphic v7.4.0 - React admin dashboard template\isomorphic\node_modules\.pnpm\next@14.2.15_@babel+core@7.24.5_react-dom@18.3.1_react@18.3.1__react@18.3.1\node_modules\next\dist\lib\batcher.js:45:32 {
  [cause]: Error: getaddrinfo ENOTFOUND isomorphic-furyroad.s3.amazonaws.com
      at GetAddrInfoReqWrap.onlookupall [as oncomplete] (node:dns:120:26)
      at GetAddrInfoReqWrap.callbackTrampoline (node:internal/async_hooks:130:17) {
    errno: -3008,
    code: 'ENOTFOUND',
    syscall: 'getaddrinfo',
    hostname: 'isomorphic-furyroad.s3.amazonaws.com'
  }
}
 ⨯ TypeError: fetch failed
    at node:internal/deps/undici/undici:13392:13
    at process.processTicksAndRejections (node:internal/process/task_queues:105:5)
    at async fetchExternalImage (M:\isomorphic v7.4.0 - React admin dashboard template\isomorphic\node_modules\.pnpm\next@14.2.15_@babel+core@7.24.5_react-dom@18.3.1_react@18.3.1__react@18.3.1\node_modules\next\dist\server\image-optimizer.js:589:17)
    at async NextNodeServer.imageOptimizer (M:\isomorphic v7.4.0 - React admin dashboard template\isomorphic\node_modules\.pnpm\next@14.2.15_@babel+core@7.24.5_react-dom@18.3.1_react@18.3.1__react@18.3.1\node_modules\next\dist\server\next-server.js:649:48)
    at async cacheEntry.imageResponseCache.get.incrementalCache (M:\isomorphic v7.4.0 - React admin dashboard template\isomorphic\node_modules\.pnpm\next@14.2.15_@babel+core@7.24.5_react-dom@18.3.1_react@18.3.1__react@18.3.1\node_modules\next\dist\server\next-server.js:182:65)
    at async M:\isomorphic v7.4.0 - React admin dashboard template\isomorphic\node_modules\.pnpm\next@14.2.15_@babel+core@7.24.5_react-dom@18.3.1_react@18.3.1__react@18.3.1\node_modules\next\dist\server\response-cache\index.js:90:36
    at async M:\isomorphic v7.4.0 - React admin dashboard template\isomorphic\node_modules\.pnpm\next@14.2.15_@babel+core@7.24.5_react-dom@18.3.1_react@18.3.1__react@18.3.1\node_modules\next\dist\lib\batcher.js:45:32 {
  [cause]: Error: getaddrinfo ENOTFOUND isomorphic-furyroad.s3.amazonaws.com
      at GetAddrInfoReqWrap.onlookupall [as oncomplete] (node:dns:120:26)
      at GetAddrInfoReqWrap.callbackTrampoline (node:internal/async_hooks:130:17) {
    errno: -3008,
    code: 'ENOTFOUND',
    syscall: 'getaddrinfo',
    hostname: 'isomorphic-furyroad.s3.amazonaws.com'
  }
}
 ⨯ TypeError: fetch failed
    at node:internal/deps/undici/undici:13392:13
    at process.processTicksAndRejections (node:internal/process/task_queues:105:5)
    at async fetchExternalImage (M:\isomorphic v7.4.0 - React admin dashboard template\isomorphic\node_modules\.pnpm\next@14.2.15_@babel+core@7.24.5_react-dom@18.3.1_react@18.3.1__react@18.3.1\node_modules\next\dist\server\image-optimizer.js:589:17)
    at async NextNodeServer.imageOptimizer (M:\isomorphic v7.4.0 - React admin dashboard template\isomorphic\node_modules\.pnpm\next@14.2.15_@babel+core@7.24.5_react-dom@18.3.1_react@18.3.1__react@18.3.1\node_modules\next\dist\server\next-server.js:649:48)
    at async cacheEntry.imageResponseCache.get.incrementalCache (M:\isomorphic v7.4.0 - React admin dashboard template\isomorphic\node_modules\.pnpm\next@14.2.15_@babel+core@7.24.5_react-dom@18.3.1_react@18.3.1__react@18.3.1\node_modules\next\dist\server\next-server.js:182:65)
    at async M:\isomorphic v7.4.0 - React admin dashboard template\isomorphic\node_modules\.pnpm\next@14.2.15_@babel+core@7.24.5_react-dom@18.3.1_react@18.3.1__react@18.3.1\node_modules\next\dist\server\response-cache\index.js:90:36
    at async M:\isomorphic v7.4.0 - React admin dashboard template\isomorphic\node_modules\.pnpm\next@14.2.15_@babel+core@7.24.5_react-dom@18.3.1_react@18.3.1__react@18.3.1\node_modules\next\dist\lib\batcher.js:45:32 {
  [cause]: Error: getaddrinfo ENOTFOUND isomorphic-furyroad.s3.amazonaws.com
      at GetAddrInfoReqWrap.onlookupall [as oncomplete] (node:dns:120:26)
      at GetAddrInfoReqWrap.callbackTrampoline (node:internal/async_hooks:130:17) {
    errno: -3008,
    code: 'ENOTFOUND',
    syscall: 'getaddrinfo',
    hostname: 'isomorphic-furyroad.s3.amazonaws.com'
  }
}
 ⨯ TypeError: fetch failed
    at node:internal/deps/undici/undici:13392:13
    at process.processTicksAndRejections (node:internal/process/task_queues:105:5)
    at async fetchExternalImage (M:\isomorphic v7.4.0 - React admin dashboard template\isomorphic\node_modules\.pnpm\next@14.2.15_@babel+core@7.24.5_react-dom@18.3.1_react@18.3.1__react@18.3.1\node_modules\next\dist\server\image-optimizer.js:589:17)
    at async NextNodeServer.imageOptimizer (M:\isomorphic v7.4.0 - React admin dashboard template\isomorphic\node_modules\.pnpm\next@14.2.15_@babel+core@7.24.5_react-dom@18.3.1_react@18.3.1__react@18.3.1\node_modules\next\dist\server\next-server.js:649:48)
    at async cacheEntry.imageResponseCache.get.incrementalCache (M:\isomorphic v7.4.0 - React admin dashboard template\isomorphic\node_modules\.pnpm\next@14.2.15_@babel+core@7.24.5_react-dom@18.3.1_react@18.3.1__react@18.3.1\node_modules\next\dist\server\next-server.js:182:65)
    at async M:\isomorphic v7.4.0 - React admin dashboard template\isomorphic\node_modules\.pnpm\next@14.2.15_@babel+core@7.24.5_react-dom@18.3.1_react@18.3.1__react@18.3.1\node_modules\next\dist\server\response-cache\index.js:90:36
    at async M:\isomorphic v7.4.0 - React admin dashboard template\isomorphic\node_modules\.pnpm\next@14.2.15_@babel+core@7.24.5_react-dom@18.3.1_react@18.3.1__react@18.3.1\node_modules\next\dist\lib\batcher.js:45:32 {
  [cause]: Error: getaddrinfo ENOTFOUND isomorphic-furyroad.s3.amazonaws.com
      at GetAddrInfoReqWrap.onlookupall [as oncomplete] (node:dns:120:26)
      at GetAddrInfoReqWrap.callbackTrampoline (node:internal/async_hooks:130:17) {
    errno: -3008,
    code: 'ENOTFOUND',
    syscall: 'getaddrinfo',
    hostname: 'isomorphic-furyroad.s3.amazonaws.com'
  }
}
 ⨯ TypeError: fetch failed
    at node:internal/deps/undici/undici:13392:13
    at process.processTicksAndRejections (node:internal/process/task_queues:105:5)
    at async fetchExternalImage (M:\isomorphic v7.4.0 - React admin dashboard template\isomorphic\node_modules\.pnpm\next@14.2.15_@babel+core@7.24.5_react-dom@18.3.1_react@18.3.1__react@18.3.1\node_modules\next\dist\server\image-optimizer.js:589:17)
    at async NextNodeServer.imageOptimizer (M:\isomorphic v7.4.0 - React admin dashboard template\isomorphic\node_modules\.pnpm\next@14.2.15_@babel+core@7.24.5_react-dom@18.3.1_react@18.3.1__react@18.3.1\node_modules\next\dist\server\next-server.js:649:48)
    at async cacheEntry.imageResponseCache.get.incrementalCache (M:\isomorphic v7.4.0 - React admin dashboard template\isomorphic\node_modules\.pnpm\next@14.2.15_@babel+core@7.24.5_react-dom@18.3.1_react@18.3.1__react@18.3.1\node_modules\next\dist\server\next-server.js:182:65)
    at async M:\isomorphic v7.4.0 - React admin dashboard template\isomorphic\node_modules\.pnpm\next@14.2.15_@babel+core@7.24.5_react-dom@18.3.1_react@18.3.1__react@18.3.1\node_modules\next\dist\server\response-cache\index.js:90:36
    at async M:\isomorphic v7.4.0 - React admin dashboard template\isomorphic\node_modules\.pnpm\next@14.2.15_@babel+core@7.24.5_react-dom@18.3.1_react@18.3.1__react@18.3.1\node_modules\next\dist\lib\batcher.js:45:32 {
  [cause]: Error: getaddrinfo ENOTFOUND isomorphic-furyroad.s3.amazonaws.com
      at GetAddrInfoReqWrap.onlookupall [as oncomplete] (node:dns:120:26)
      at GetAddrInfoReqWrap.callbackTrampoline (node:internal/async_hooks:130:17) {
    errno: -3008,
    code: 'ENOTFOUND',
    syscall: 'getaddrinfo',
    hostname: 'isomorphic-furyroad.s3.amazonaws.com'
  }
}
 ⨯ TypeError: fetch failed
    at node:internal/deps/undici/undici:13392:13
    at process.processTicksAndRejections (node:internal/process/task_queues:105:5)
    at async fetchExternalImage (M:\isomorphic v7.4.0 - React admin dashboard template\isomorphic\node_modules\.pnpm\next@14.2.15_@babel+core@7.24.5_react-dom@18.3.1_react@18.3.1__react@18.3.1\node_modules\next\dist\server\image-optimizer.js:589:17)
    at async NextNodeServer.imageOptimizer (M:\isomorphic v7.4.0 - React admin dashboard template\isomorphic\node_modules\.pnpm\next@14.2.15_@babel+core@7.24.5_react-dom@18.3.1_react@18.3.1__react@18.3.1\node_modules\next\dist\server\next-server.js:649:48)
    at async cacheEntry.imageResponseCache.get.incrementalCache (M:\isomorphic v7.4.0 - React admin dashboard template\isomorphic\node_modules\.pnpm\next@14.2.15_@babel+core@7.24.5_react-dom@18.3.1_react@18.3.1__react@18.3.1\node_modules\next\dist\server\next-server.js:182:65)
    at async M:\isomorphic v7.4.0 - React admin dashboard template\isomorphic\node_modules\.pnpm\next@14.2.15_@babel+core@7.24.5_react-dom@18.3.1_react@18.3.1__react@18.3.1\node_modules\next\dist\server\response-cache\index.js:90:36
    at async M:\isomorphic v7.4.0 - React admin dashboard template\isomorphic\node_modules\.pnpm\next@14.2.15_@babel+core@7.24.5_react-dom@18.3.1_react@18.3.1__react@18.3.1\node_modules\next\dist\lib\batcher.js:45:32 {
  [cause]: Error: getaddrinfo ENOTFOUND isomorphic-furyroad.s3.amazonaws.com
      at GetAddrInfoReqWrap.onlookupall [as oncomplete] (node:dns:120:26)
      at GetAddrInfoReqWrap.callbackTrampoline (node:internal/async_hooks:130:17) {
    errno: -3008,
    code: 'ENOTFOUND',
    syscall: 'getaddrinfo',
    hostname: 'isomorphic-furyroad.s3.amazonaws.com'
  }
}
 ⨯ TypeError: fetch failed
    at node:internal/deps/undici/undici:13392:13
    at process.processTicksAndRejections (node:internal/process/task_queues:105:5)
    at async fetchExternalImage (M:\isomorphic v7.4.0 - React admin dashboard template\isomorphic\node_modules\.pnpm\next@14.2.15_@babel+core@7.24.5_react-dom@18.3.1_react@18.3.1__react@18.3.1\node_modules\next\dist\server\image-optimizer.js:589:17)
    at async NextNodeServer.imageOptimizer (M:\isomorphic v7.4.0 - React admin dashboard template\isomorphic\node_modules\.pnpm\next@14.2.15_@babel+core@7.24.5_react-dom@18.3.1_react@18.3.1__react@18.3.1\node_modules\next\dist\server\next-server.js:649:48)
    at async cacheEntry.imageResponseCache.get.incrementalCache (M:\isomorphic v7.4.0 - React admin dashboard template\isomorphic\node_modules\.pnpm\next@14.2.15_@babel+core@7.24.5_react-dom@18.3.1_react@18.3.1__react@18.3.1\node_modules\next\dist\server\next-server.js:182:65)
    at async M:\isomorphic v7.4.0 - React admin dashboard template\isomorphic\node_modules\.pnpm\next@14.2.15_@babel+core@7.24.5_react-dom@18.3.1_react@18.3.1__react@18.3.1\node_modules\next\dist\server\response-cache\index.js:90:36
    at async M:\isomorphic v7.4.0 - React admin dashboard template\isomorphic\node_modules\.pnpm\next@14.2.15_@babel+core@7.24.5_react-dom@18.3.1_react@18.3.1__react@18.3.1\node_modules\next\dist\lib\batcher.js:45:32 {
  [cause]: Error: getaddrinfo ENOTFOUND isomorphic-furyroad.s3.amazonaws.com
      at GetAddrInfoReqWrap.onlookupall [as oncomplete] (node:dns:120:26)
      at GetAddrInfoReqWrap.callbackTrampoline (node:internal/async_hooks:130:17) {
    errno: -3008,
    code: 'ENOTFOUND',
    syscall: 'getaddrinfo',
    hostname: 'isomorphic-furyroad.s3.amazonaws.com'
  }
}
 ⨯ TypeError: fetch failed
    at node:internal/deps/undici/undici:13392:13
    at process.processTicksAndRejections (node:internal/process/task_queues:105:5)
    at async fetchExternalImage (M:\isomorphic v7.4.0 - React admin dashboard template\isomorphic\node_modules\.pnpm\next@14.2.15_@babel+core@7.24.5_react-dom@18.3.1_react@18.3.1__react@18.3.1\node_modules\next\dist\server\image-optimizer.js:589:17)
    at async NextNodeServer.imageOptimizer (M:\isomorphic v7.4.0 - React admin dashboard template\isomorphic\node_modules\.pnpm\next@14.2.15_@babel+core@7.24.5_react-dom@18.3.1_react@18.3.1__react@18.3.1\node_modules\next\dist\server\next-server.js:649:48)
    at async cacheEntry.imageResponseCache.get.incrementalCache (M:\isomorphic v7.4.0 - React admin dashboard template\isomorphic\node_modules\.pnpm\next@14.2.15_@babel+core@7.24.5_react-dom@18.3.1_react@18.3.1__react@18.3.1\node_modules\next\dist\server\next-server.js:182:65)
    at async M:\isomorphic v7.4.0 - React admin dashboard template\isomorphic\node_modules\.pnpm\next@14.2.15_@babel+core@7.24.5_react-dom@18.3.1_react@18.3.1__react@18.3.1\node_modules\next\dist\server\response-cache\index.js:90:36
    at async M:\isomorphic v7.4.0 - React admin dashboard template\isomorphic\node_modules\.pnpm\next@14.2.15_@babel+core@7.24.5_react-dom@18.3.1_react@18.3.1__react@18.3.1\node_modules\next\dist\lib\batcher.js:45:32 {
  [cause]: Error: getaddrinfo ENOTFOUND isomorphic-furyroad.s3.amazonaws.com
      at GetAddrInfoReqWrap.onlookupall [as oncomplete] (node:dns:120:26)
      at GetAddrInfoReqWrap.callbackTrampoline (node:internal/async_hooks:130:17) {
    errno: -3008,
    code: 'ENOTFOUND',
    syscall: 'getaddrinfo',
    hostname: 'isomorphic-furyroad.s3.amazonaws.com'
  }
}
 ⨯ TypeError: fetch failed
    at node:internal/deps/undici/undici:13392:13
    at process.processTicksAndRejections (node:internal/process/task_queues:105:5)
    at async fetchExternalImage (M:\isomorphic v7.4.0 - React admin dashboard template\isomorphic\node_modules\.pnpm\next@14.2.15_@babel+core@7.24.5_react-dom@18.3.1_react@18.3.1__react@18.3.1\node_modules\next\dist\server\image-optimizer.js:589:17)
    at async NextNodeServer.imageOptimizer (M:\isomorphic v7.4.0 - React admin dashboard template\isomorphic\node_modules\.pnpm\next@14.2.15_@babel+core@7.24.5_react-dom@18.3.1_react@18.3.1__react@18.3.1\node_modules\next\dist\server\next-server.js:649:48)
    at async cacheEntry.imageResponseCache.get.incrementalCache (M:\isomorphic v7.4.0 - React admin dashboard template\isomorphic\node_modules\.pnpm\next@14.2.15_@babel+core@7.24.5_react-dom@18.3.1_react@18.3.1__react@18.3.1\node_modules\next\dist\server\next-server.js:182:65)
    at async M:\isomorphic v7.4.0 - React admin dashboard template\isomorphic\node_modules\.pnpm\next@14.2.15_@babel+core@7.24.5_react-dom@18.3.1_react@18.3.1__react@18.3.1\node_modules\next\dist\server\response-cache\index.js:90:36
    at async M:\isomorphic v7.4.0 - React admin dashboard template\isomorphic\node_modules\.pnpm\next@14.2.15_@babel+core@7.24.5_react-dom@18.3.1_react@18.3.1__react@18.3.1\node_modules\next\dist\lib\batcher.js:45:32 {
  [cause]: Error: getaddrinfo ENOTFOUND isomorphic-furyroad.s3.amazonaws.com
      at GetAddrInfoReqWrap.onlookupall [as oncomplete] (node:dns:120:26)
      at GetAddrInfoReqWrap.callbackTrampoline (node:internal/async_hooks:130:17) {
    errno: -3008,
    code: 'ENOTFOUND',
    syscall: 'getaddrinfo',
    hostname: 'isomorphic-furyroad.s3.amazonaws.com'
  }
}
 ⨯ TypeError: fetch failed
    at node:internal/deps/undici/undici:13392:13
    at process.processTicksAndRejections (node:internal/process/task_queues:105:5)
    at async fetchExternalImage (M:\isomorphic v7.4.0 - React admin dashboard template\isomorphic\node_modules\.pnpm\next@14.2.15_@babel+core@7.24.5_react-dom@18.3.1_react@18.3.1__react@18.3.1\node_modules\next\dist\server\image-optimizer.js:589:17)
    at async NextNodeServer.imageOptimizer (M:\isomorphic v7.4.0 - React admin dashboard template\isomorphic\node_modules\.pnpm\next@14.2.15_@babel+core@7.24.5_react-dom@18.3.1_react@18.3.1__react@18.3.1\node_modules\next\dist\server\next-server.js:649:48)
    at async cacheEntry.imageResponseCache.get.incrementalCache (M:\isomorphic v7.4.0 - React admin dashboard template\isomorphic\node_modules\.pnpm\next@14.2.15_@babel+core@7.24.5_react-dom@18.3.1_react@18.3.1__react@18.3.1\node_modules\next\dist\server\next-server.js:182:65)
    at async M:\isomorphic v7.4.0 - React admin dashboard template\isomorphic\node_modules\.pnpm\next@14.2.15_@babel+core@7.24.5_react-dom@18.3.1_react@18.3.1__react@18.3.1\node_modules\next\dist\server\response-cache\index.js:90:36
    at async M:\isomorphic v7.4.0 - React admin dashboard template\isomorphic\node_modules\.pnpm\next@14.2.15_@babel+core@7.24.5_react-dom@18.3.1_react@18.3.1__react@18.3.1\node_modules\next\dist\lib\batcher.js:45:32 {
  [cause]: Error: getaddrinfo ENOTFOUND isomorphic-furyroad.s3.amazonaws.com
      at GetAddrInfoReqWrap.onlookupall [as oncomplete] (node:dns:120:26)
      at GetAddrInfoReqWrap.callbackTrampoline (node:internal/async_hooks:130:17) {
    errno: -3008,
    code: 'ENOTFOUND',
    syscall: 'getaddrinfo',
    hostname: 'isomorphic-furyroad.s3.amazonaws.com'
  }
}
 ⨯ TypeError: fetch failed
    at node:internal/deps/undici/undici:13392:13
    at process.processTicksAndRejections (node:internal/process/task_queues:105:5)
    at async fetchExternalImage (M:\isomorphic v7.4.0 - React admin dashboard template\isomorphic\node_modules\.pnpm\next@14.2.15_@babel+core@7.24.5_react-dom@18.3.1_react@18.3.1__react@18.3.1\node_modules\next\dist\server\image-optimizer.js:589:17)
    at async NextNodeServer.imageOptimizer (M:\isomorphic v7.4.0 - React admin dashboard template\isomorphic\node_modules\.pnpm\next@14.2.15_@babel+core@7.24.5_react-dom@18.3.1_react@18.3.1__react@18.3.1\node_modules\next\dist\server\next-server.js:649:48)
    at async cacheEntry.imageResponseCache.get.incrementalCache (M:\isomorphic v7.4.0 - React admin dashboard template\isomorphic\node_modules\.pnpm\next@14.2.15_@babel+core@7.24.5_react-dom@18.3.1_react@18.3.1__react@18.3.1\node_modules\next\dist\server\next-server.js:182:65)
    at async M:\isomorphic v7.4.0 - React admin dashboard template\isomorphic\node_modules\.pnpm\next@14.2.15_@babel+core@7.24.5_react-dom@18.3.1_react@18.3.1__react@18.3.1\node_modules\next\dist\server\response-cache\index.js:90:36
    at async M:\isomorphic v7.4.0 - React admin dashboard template\isomorphic\node_modules\.pnpm\next@14.2.15_@babel+core@7.24.5_react-dom@18.3.1_react@18.3.1__react@18.3.1\node_modules\next\dist\lib\batcher.js:45:32 {
  [cause]: Error: getaddrinfo ENOTFOUND isomorphic-furyroad.s3.amazonaws.com
      at GetAddrInfoReqWrap.onlookupall [as oncomplete] (node:dns:120:26)
      at GetAddrInfoReqWrap.callbackTrampoline (node:internal/async_hooks:130:17) {
    errno: -3008,
    code: 'ENOTFOUND',
    syscall: 'getaddrinfo',
    hostname: 'isomorphic-furyroad.s3.amazonaws.com'
  }
}
 ⨯ TypeError: fetch failed
    at node:internal/deps/undici/undici:13392:13
    at process.processTicksAndRejections (node:internal/process/task_queues:105:5)
    at async fetchExternalImage (M:\isomorphic v7.4.0 - React admin dashboard template\isomorphic\node_modules\.pnpm\next@14.2.15_@babel+core@7.24.5_react-dom@18.3.1_react@18.3.1__react@18.3.1\node_modules\next\dist\server\image-optimizer.js:589:17)
    at async NextNodeServer.imageOptimizer (M:\isomorphic v7.4.0 - React admin dashboard template\isomorphic\node_modules\.pnpm\next@14.2.15_@babel+core@7.24.5_react-dom@18.3.1_react@18.3.1__react@18.3.1\node_modules\next\dist\server\next-server.js:649:48)
    at async cacheEntry.imageResponseCache.get.incrementalCache (M:\isomorphic v7.4.0 - React admin dashboard template\isomorphic\node_modules\.pnpm\next@14.2.15_@babel+core@7.24.5_react-dom@18.3.1_react@18.3.1__react@18.3.1\node_modules\next\dist\server\next-server.js:182:65)
    at async M:\isomorphic v7.4.0 - React admin dashboard template\isomorphic\node_modules\.pnpm\next@14.2.15_@babel+core@7.24.5_react-dom@18.3.1_react@18.3.1__react@18.3.1\node_modules\next\dist\server\response-cache\index.js:90:36
    at async M:\isomorphic v7.4.0 - React admin dashboard template\isomorphic\node_modules\.pnpm\next@14.2.15_@babel+core@7.24.5_react-dom@18.3.1_react@18.3.1__react@18.3.1\node_modules\next\dist\lib\batcher.js:45:32 {
  [cause]: Error: getaddrinfo ENOTFOUND isomorphic-furyroad.s3.amazonaws.com
      at GetAddrInfoReqWrap.onlookupall [as oncomplete] (node:dns:120:26)
      at GetAddrInfoReqWrap.callbackTrampoline (node:internal/async_hooks:130:17) {
    errno: -3008,
    code: 'ENOTFOUND',
    syscall: 'getaddrinfo',
    hostname: 'isomorphic-furyroad.s3.amazonaws.com'
  }
}
 ⨯ TypeError: fetch failed
    at node:internal/deps/undici/undici:13392:13
    at process.processTicksAndRejections (node:internal/process/task_queues:105:5)
    at async fetchExternalImage (M:\isomorphic v7.4.0 - React admin dashboard template\isomorphic\node_modules\.pnpm\next@14.2.15_@babel+core@7.24.5_react-dom@18.3.1_react@18.3.1__react@18.3.1\node_modules\next\dist\server\image-optimizer.js:589:17)
    at async NextNodeServer.imageOptimizer (M:\isomorphic v7.4.0 - React admin dashboard template\isomorphic\node_modules\.pnpm\next@14.2.15_@babel+core@7.24.5_react-dom@18.3.1_react@18.3.1__react@18.3.1\node_modules\next\dist\server\next-server.js:649:48)
    at async cacheEntry.imageResponseCache.get.incrementalCache (M:\isomorphic v7.4.0 - React admin dashboard template\isomorphic\node_modules\.pnpm\next@14.2.15_@babel+core@7.24.5_react-dom@18.3.1_react@18.3.1__react@18.3.1\node_modules\next\dist\server\next-server.js:182:65)
    at async M:\isomorphic v7.4.0 - React admin dashboard template\isomorphic\node_modules\.pnpm\next@14.2.15_@babel+core@7.24.5_react-dom@18.3.1_react@18.3.1__react@18.3.1\node_modules\next\dist\server\response-cache\index.js:90:36
    at async M:\isomorphic v7.4.0 - React admin dashboard template\isomorphic\node_modules\.pnpm\next@14.2.15_@babel+core@7.24.5_react-dom@18.3.1_react@18.3.1__react@18.3.1\node_modules\next\dist\lib\batcher.js:45:32 {
  [cause]: Error: getaddrinfo ENOTFOUND isomorphic-furyroad.s3.amazonaws.com
      at GetAddrInfoReqWrap.onlookupall [as oncomplete] (node:dns:120:26)
      at GetAddrInfoReqWrap.callbackTrampoline (node:internal/async_hooks:130:17) {
    errno: -3008,
    code: 'ENOTFOUND',
    syscall: 'getaddrinfo',
    hostname: 'isomorphic-furyroad.s3.amazonaws.com'
  }
}
 ⨯ TypeError: fetch failed
    at node:internal/deps/undici/undici:13392:13
    at process.processTicksAndRejections (node:internal/process/task_queues:105:5)
    at async fetchExternalImage (M:\isomorphic v7.4.0 - React admin dashboard template\isomorphic\node_modules\.pnpm\next@14.2.15_@babel+core@7.24.5_react-dom@18.3.1_react@18.3.1__react@18.3.1\node_modules\next\dist\server\image-optimizer.js:589:17)
    at async NextNodeServer.imageOptimizer (M:\isomorphic v7.4.0 - React admin dashboard template\isomorphic\node_modules\.pnpm\next@14.2.15_@babel+core@7.24.5_react-dom@18.3.1_react@18.3.1__react@18.3.1\node_modules\next\dist\server\next-server.js:649:48)
    at async cacheEntry.imageResponseCache.get.incrementalCache (M:\isomorphic v7.4.0 - React admin dashboard template\isomorphic\node_modules\.pnpm\next@14.2.15_@babel+core@7.24.5_react-dom@18.3.1_react@18.3.1__react@18.3.1\node_modules\next\dist\server\next-server.js:182:65)
    at async M:\isomorphic v7.4.0 - React admin dashboard template\isomorphic\node_modules\.pnpm\next@14.2.15_@babel+core@7.24.5_react-dom@18.3.1_react@18.3.1__react@18.3.1\node_modules\next\dist\server\response-cache\index.js:90:36
    at async M:\isomorphic v7.4.0 - React admin dashboard template\isomorphic\node_modules\.pnpm\next@14.2.15_@babel+core@7.24.5_react-dom@18.3.1_react@18.3.1__react@18.3.1\node_modules\next\dist\lib\batcher.js:45:32 {
  [cause]: Error: getaddrinfo ENOTFOUND isomorphic-furyroad.s3.amazonaws.com
      at GetAddrInfoReqWrap.onlookupall [as oncomplete] (node:dns:120:26)
      at GetAddrInfoReqWrap.callbackTrampoline (node:internal/async_hooks:130:17) {
    errno: -3008,
    code: 'ENOTFOUND',
    syscall: 'getaddrinfo',
    hostname: 'isomorphic-furyroad.s3.amazonaws.com'
  }
}
 ⨯ TypeError: fetch failed
    at node:internal/deps/undici/undici:13392:13
    at process.processTicksAndRejections (node:internal/process/task_queues:105:5)
    at async fetchExternalImage (M:\isomorphic v7.4.0 - React admin dashboard template\isomorphic\node_modules\.pnpm\next@14.2.15_@babel+core@7.24.5_react-dom@18.3.1_react@18.3.1__react@18.3.1\node_modules\next\dist\server\image-optimizer.js:589:17)
    at async NextNodeServer.imageOptimizer (M:\isomorphic v7.4.0 - React admin dashboard template\isomorphic\node_modules\.pnpm\next@14.2.15_@babel+core@7.24.5_react-dom@18.3.1_react@18.3.1__react@18.3.1\node_modules\next\dist\server\next-server.js:649:48)
    at async cacheEntry.imageResponseCache.get.incrementalCache (M:\isomorphic v7.4.0 - React admin dashboard template\isomorphic\node_modules\.pnpm\next@14.2.15_@babel+core@7.24.5_react-dom@18.3.1_react@18.3.1__react@18.3.1\node_modules\next\dist\server\next-server.js:182:65)
    at async M:\isomorphic v7.4.0 - React admin dashboard template\isomorphic\node_modules\.pnpm\next@14.2.15_@babel+core@7.24.5_react-dom@18.3.1_react@18.3.1__react@18.3.1\node_modules\next\dist\server\response-cache\index.js:90:36
    at async M:\isomorphic v7.4.0 - React admin dashboard template\isomorphic\node_modules\.pnpm\next@14.2.15_@babel+core@7.24.5_react-dom@18.3.1_react@18.3.1__react@18.3.1\node_modules\next\dist\lib\batcher.js:45:32 {
  [cause]: Error: getaddrinfo ENOTFOUND isomorphic-furyroad.s3.amazonaws.com
      at GetAddrInfoReqWrap.onlookupall [as oncomplete] (node:dns:120:26)
      at GetAddrInfoReqWrap.callbackTrampoline (node:internal/async_hooks:130:17) {
    errno: -3008,
    code: 'ENOTFOUND',
    syscall: 'getaddrinfo',
    hostname: 'isomorphic-furyroad.s3.amazonaws.com'
  }
}
TypeError: fetch failed
    at node:internal/deps/undici/undici:13392:13
    at process.processTicksAndRejections (node:internal/process/task_queues:105:5)
    at async fetchExternalImage (M:\isomorphic v7.4.0 - React admin dashboard template\isomorphic\node_modules\.pnpm\next@14.2.15_@babel+core@7.24.5_react-dom@18.3.1_react@18.3.1__react@18.3.1\node_modules\next\dist\server\image-optimizer.js:589:17)
    at async NextNodeServer.imageOptimizer (M:\isomorphic v7.4.0 - React admin dashboard template\isomorphic\node_modules\.pnpm\next@14.2.15_@babel+core@7.24.5_react-dom@18.3.1_react@18.3.1__react@18.3.1\node_modules\next\dist\server\next-server.js:649:48)
    at async cacheEntry.imageResponseCache.get.incrementalCache (M:\isomorphic v7.4.0 - React admin dashboard template\isomorphic\node_modules\.pnpm\next@14.2.15_@babel+core@7.24.5_react-dom@18.3.1_react@18.3.1__react@18.3.1\node_modules\next\dist\server\next-server.js:182:65)
    at async M:\isomorphic v7.4.0 - React admin dashboard template\isomorphic\node_modules\.pnpm\next@14.2.15_@babel+core@7.24.5_react-dom@18.3.1_react@18.3.1__react@18.3.1\node_modules\next\dist\server\response-cache\index.js:90:36
    at async M:\isomorphic v7.4.0 - React admin dashboard template\isomorphic\node_modules\.pnpm\next@14.2.15_@babel+core@7.24.5_react-dom@18.3.1_react@18.3.1__react@18.3.1\node_modules\next\dist\lib\batcher.js:45:32 {
  [cause]: Error: getaddrinfo ENOTFOUND isomorphic-furyroad.s3.amazonaws.com
      at GetAddrInfoReqWrap.onlookupall [as oncomplete] (node:dns:120:26)
      at GetAddrInfoReqWrap.callbackTrampoline (node:internal/async_hooks:130:17) {
    errno: -3008,
    code: 'ENOTFOUND',
    syscall: 'getaddrinfo',
    hostname: 'isomorphic-furyroad.s3.amazonaws.com'
  }
}
TypeError: fetch failed
    at node:internal/deps/undici/undici:13392:13
    at process.processTicksAndRejections (node:internal/process/task_queues:105:5)
    at async fetchExternalImage (M:\isomorphic v7.4.0 - React admin dashboard template\isomorphic\node_modules\.pnpm\next@14.2.15_@babel+core@7.24.5_react-dom@18.3.1_react@18.3.1__react@18.3.1\node_modules\next\dist\server\image-optimizer.js:589:17)
    at async NextNodeServer.imageOptimizer (M:\isomorphic v7.4.0 - React admin dashboard template\isomorphic\node_modules\.pnpm\next@14.2.15_@babel+core@7.24.5_react-dom@18.3.1_react@18.3.1__react@18.3.1\node_modules\next\dist\server\next-server.js:649:48)
    at async cacheEntry.imageResponseCache.get.incrementalCache (M:\isomorphic v7.4.0 - React admin dashboard template\isomorphic\node_modules\.pnpm\next@14.2.15_@babel+core@7.24.5_react-dom@18.3.1_react@18.3.1__react@18.3.1\node_modules\next\dist\server\next-server.js:182:65)
    at async M:\isomorphic v7.4.0 - React admin dashboard template\isomorphic\node_modules\.pnpm\next@14.2.15_@babel+core@7.24.5_react-dom@18.3.1_react@18.3.1__react@18.3.1\node_modules\next\dist\server\response-cache\index.js:90:36
    at async M:\isomorphic v7.4.0 - React admin dashboard template\isomorphic\node_modules\.pnpm\next@14.2.15_@babel+core@7.24.5_react-dom@18.3.1_react@18.3.1__react@18.3.1\node_modules\next\dist\lib\batcher.js:45:32 {
  [cause]: Error: getaddrinfo ENOTFOUND isomorphic-furyroad.s3.amazonaws.com
      at GetAddrInfoReqWrap.onlookupall [as oncomplete] (node:dns:120:26)
      at GetAddrInfoReqWrap.callbackTrampoline (node:internal/async_hooks:130:17) {
    errno: -3008,
    code: 'ENOTFOUND',
    syscall: 'getaddrinfo',
    hostname: 'isomorphic-furyroad.s3.amazonaws.com'
  }
}
TypeError: fetch failed
    at node:internal/deps/undici/undici:13392:13
    at process.processTicksAndRejections (node:internal/process/task_queues:105:5)
    at async fetchExternalImage (M:\isomorphic v7.4.0 - React admin dashboard template\isomorphic\node_modules\.pnpm\next@14.2.15_@babel+core@7.24.5_react-dom@18.3.1_react@18.3.1__react@18.3.1\node_modules\next\dist\server\image-optimizer.js:589:17)
    at async NextNodeServer.imageOptimizer (M:\isomorphic v7.4.0 - React admin dashboard template\isomorphic\node_modules\.pnpm\next@14.2.15_@babel+core@7.24.5_react-dom@18.3.1_react@18.3.1__react@18.3.1\node_modules\next\dist\server\next-server.js:649:48)
    at async cacheEntry.imageResponseCache.get.incrementalCache (M:\isomorphic v7.4.0 - React admin dashboard template\isomorphic\node_modules\.pnpm\next@14.2.15_@babel+core@7.24.5_react-dom@18.3.1_react@18.3.1__react@18.3.1\node_modules\next\dist\server\next-server.js:182:65)
    at async M:\isomorphic v7.4.0 - React admin dashboard template\isomorphic\node_modules\.pnpm\next@14.2.15_@babel+core@7.24.5_react-dom@18.3.1_react@18.3.1__react@18.3.1\node_modules\next\dist\server\response-cache\index.js:90:36
    at async M:\isomorphic v7.4.0 - React admin dashboard template\isomorphic\node_modules\.pnpm\next@14.2.15_@babel+core@7.24.5_react-dom@18.3.1_react@18.3.1__react@18.3.1\node_modules\next\dist\lib\batcher.js:45:32 {
  [cause]: Error: getaddrinfo ENOTFOUND isomorphic-furyroad.s3.amazonaws.com
      at GetAddrInfoReqWrap.onlookupall [as oncomplete] (node:dns:120:26)
      at GetAddrInfoReqWrap.callbackTrampoline (node:internal/async_hooks:130:17) {
    errno: -3008,
    code: 'ENOTFOUND',
    syscall: 'getaddrinfo',
    hostname: 'isomorphic-furyroad.s3.amazonaws.com'
  }
}
TypeError: fetch failed
    at node:internal/deps/undici/undici:13392:13
    at process.processTicksAndRejections (node:internal/process/task_queues:105:5)
    at async fetchExternalImage (M:\isomorphic v7.4.0 - React admin dashboard template\isomorphic\node_modules\.pnpm\next@14.2.15_@babel+core@7.24.5_react-dom@18.3.1_react@18.3.1__react@18.3.1\node_modules\next\dist\server\image-optimizer.js:589:17)
    at async NextNodeServer.imageOptimizer (M:\isomorphic v7.4.0 - React admin dashboard template\isomorphic\node_modules\.pnpm\next@14.2.15_@babel+core@7.24.5_react-dom@18.3.1_react@18.3.1__react@18.3.1\node_modules\next\dist\server\next-server.js:649:48)
    at async cacheEntry.imageResponseCache.get.incrementalCache (M:\isomorphic v7.4.0 - React admin dashboard template\isomorphic\node_modules\.pnpm\next@14.2.15_@babel+core@7.24.5_react-dom@18.3.1_react@18.3.1__react@18.3.1\node_modules\next\dist\server\next-server.js:182:65)
    at async M:\isomorphic v7.4.0 - React admin dashboard template\isomorphic\node_modules\.pnpm\next@14.2.15_@babel+core@7.24.5_react-dom@18.3.1_react@18.3.1__react@18.3.1\node_modules\next\dist\server\response-cache\index.js:90:36
    at async M:\isomorphic v7.4.0 - React admin dashboard template\isomorphic\node_modules\.pnpm\next@14.2.15_@babel+core@7.24.5_react-dom@18.3.1_react@18.3.1__react@18.3.1\node_modules\next\dist\lib\batcher.js:45:32 {
  [cause]: Error: getaddrinfo ENOTFOUND isomorphic-furyroad.s3.amazonaws.com
      at GetAddrInfoReqWrap.onlookupall [as oncomplete] (node:dns:120:26)
      at GetAddrInfoReqWrap.callbackTrampoline (node:internal/async_hooks:130:17) {
    errno: -3008,
    code: 'ENOTFOUND',
    syscall: 'getaddrinfo',
    hostname: 'isomorphic-furyroad.s3.amazonaws.com'
  }
}
TypeError: fetch failed
    at node:internal/deps/undici/undici:13392:13
    at process.processTicksAndRejections (node:internal/process/task_queues:105:5)
    at async fetchExternalImage (M:\isomorphic v7.4.0 - React admin dashboard template\isomorphic\node_modules\.pnpm\next@14.2.15_@babel+core@7.24.5_react-dom@18.3.1_react@18.3.1__react@18.3.1\node_modules\next\dist\server\image-optimizer.js:589:17)
    at async NextNodeServer.imageOptimizer (M:\isomorphic v7.4.0 - React admin dashboard template\isomorphic\node_modules\.pnpm\next@14.2.15_@babel+core@7.24.5_react-dom@18.3.1_react@18.3.1__react@18.3.1\node_modules\next\dist\server\next-server.js:649:48)
    at async cacheEntry.imageResponseCache.get.incrementalCache (M:\isomorphic v7.4.0 - React admin dashboard template\isomorphic\node_modules\.pnpm\next@14.2.15_@babel+core@7.24.5_react-dom@18.3.1_react@18.3.1__react@18.3.1\node_modules\next\dist\server\next-server.js:182:65)
    at async M:\isomorphic v7.4.0 - React admin dashboard template\isomorphic\node_modules\.pnpm\next@14.2.15_@babel+core@7.24.5_react-dom@18.3.1_react@18.3.1__react@18.3.1\node_modules\next\dist\server\response-cache\index.js:90:36
    at async M:\isomorphic v7.4.0 - React admin dashboard template\isomorphic\node_modules\.pnpm\next@14.2.15_@babel+core@7.24.5_react-dom@18.3.1_react@18.3.1__react@18.3.1\node_modules\next\dist\lib\batcher.js:45:32 {
  [cause]: Error: getaddrinfo ENOTFOUND isomorphic-furyroad.s3.amazonaws.com
      at GetAddrInfoReqWrap.onlookupall [as oncomplete] (node:dns:120:26)
      at GetAddrInfoReqWrap.callbackTrampoline (node:internal/async_hooks:130:17) {
    errno: -3008,
    code: 'ENOTFOUND',
    syscall: 'getaddrinfo',
    hostname: 'isomorphic-furyroad.s3.amazonaws.com'
  }
}
TypeError: fetch failed
    at node:internal/deps/undici/undici:13392:13
    at process.processTicksAndRejections (node:internal/process/task_queues:105:5)
    at async fetchExternalImage (M:\isomorphic v7.4.0 - React admin dashboard template\isomorphic\node_modules\.pnpm\next@14.2.15_@babel+core@7.24.5_react-dom@18.3.1_react@18.3.1__react@18.3.1\node_modules\next\dist\server\image-optimizer.js:589:17)
    at async NextNodeServer.imageOptimizer (M:\isomorphic v7.4.0 - React admin dashboard template\isomorphic\node_modules\.pnpm\next@14.2.15_@babel+core@7.24.5_react-dom@18.3.1_react@18.3.1__react@18.3.1\node_modules\next\dist\server\next-server.js:649:48)
    at async cacheEntry.imageResponseCache.get.incrementalCache (M:\isomorphic v7.4.0 - React admin dashboard template\isomorphic\node_modules\.pnpm\next@14.2.15_@babel+core@7.24.5_react-dom@18.3.1_react@18.3.1__react@18.3.1\node_modules\next\dist\server\next-server.js:182:65)
    at async M:\isomorphic v7.4.0 - React admin dashboard template\isomorphic\node_modules\.pnpm\next@14.2.15_@babel+core@7.24.5_react-dom@18.3.1_react@18.3.1__react@18.3.1\node_modules\next\dist\server\response-cache\index.js:90:36
    at async M:\isomorphic v7.4.0 - React admin dashboard template\isomorphic\node_modules\.pnpm\next@14.2.15_@babel+core@7.24.5_react-dom@18.3.1_react@18.3.1__react@18.3.1\node_modules\next\dist\lib\batcher.js:45:32 {
  [cause]: Error: getaddrinfo ENOTFOUND isomorphic-furyroad.s3.amazonaws.com
      at GetAddrInfoReqWrap.onlookupall [as oncomplete] (node:dns:120:26)
      at GetAddrInfoReqWrap.callbackTrampoline (node:internal/async_hooks:130:17) {
    errno: -3008,
    code: 'ENOTFOUND',
    syscall: 'getaddrinfo',
    hostname: 'isomorphic-furyroad.s3.amazonaws.com'
  }
}
TypeError: fetch failed
    at node:internal/deps/undici/undici:13392:13
    at process.processTicksAndRejections (node:internal/process/task_queues:105:5)
    at async fetchExternalImage (M:\isomorphic v7.4.0 - React admin dashboard template\isomorphic\node_modules\.pnpm\next@14.2.15_@babel+core@7.24.5_react-dom@18.3.1_react@18.3.1__react@18.3.1\node_modules\next\dist\server\image-optimizer.js:589:17)
    at async NextNodeServer.imageOptimizer (M:\isomorphic v7.4.0 - React admin dashboard template\isomorphic\node_modules\.pnpm\next@14.2.15_@babel+core@7.24.5_react-dom@18.3.1_react@18.3.1__react@18.3.1\node_modules\next\dist\server\next-server.js:649:48)
    at async cacheEntry.imageResponseCache.get.incrementalCache (M:\isomorphic v7.4.0 - React admin dashboard template\isomorphic\node_modules\.pnpm\next@14.2.15_@babel+core@7.24.5_react-dom@18.3.1_react@18.3.1__react@18.3.1\node_modules\next\dist\server\next-server.js:182:65)
    at async M:\isomorphic v7.4.0 - React admin dashboard template\isomorphic\node_modules\.pnpm\next@14.2.15_@babel+core@7.24.5_react-dom@18.3.1_react@18.3.1__react@18.3.1\node_modules\next\dist\server\response-cache\index.js:90:36
    at async M:\isomorphic v7.4.0 - React admin dashboard template\isomorphic\node_modules\.pnpm\next@14.2.15_@babel+core@7.24.5_react-dom@18.3.1_react@18.3.1__react@18.3.1\node_modules\next\dist\lib\batcher.js:45:32 {
  [cause]: Error: getaddrinfo ENOTFOUND isomorphic-furyroad.s3.amazonaws.com
      at GetAddrInfoReqWrap.onlookupall [as oncomplete] (node:dns:120:26)
      at GetAddrInfoReqWrap.callbackTrampoline (node:internal/async_hooks:130:17) {
    errno: -3008,
    code: 'ENOTFOUND',
    syscall: 'getaddrinfo',
    hostname: 'isomorphic-furyroad.s3.amazonaws.com'
  }
}
TypeError: fetch failed
    at node:internal/deps/undici/undici:13392:13
    at process.processTicksAndRejections (node:internal/process/task_queues:105:5)
    at async fetchExternalImage (M:\isomorphic v7.4.0 - React admin dashboard template\isomorphic\node_modules\.pnpm\next@14.2.15_@babel+core@7.24.5_react-dom@18.3.1_react@18.3.1__react@18.3.1\node_modules\next\dist\server\image-optimizer.js:589:17)
    at async NextNodeServer.imageOptimizer (M:\isomorphic v7.4.0 - React admin dashboard template\isomorphic\node_modules\.pnpm\next@14.2.15_@babel+core@7.24.5_react-dom@18.3.1_react@18.3.1__react@18.3.1\node_modules\next\dist\server\next-server.js:649:48)
    at async cacheEntry.imageResponseCache.get.incrementalCache (M:\isomorphic v7.4.0 - React admin dashboard template\isomorphic\node_modules\.pnpm\next@14.2.15_@babel+core@7.24.5_react-dom@18.3.1_react@18.3.1__react@18.3.1\node_modules\next\dist\server\next-server.js:182:65)
    at async M:\isomorphic v7.4.0 - React admin dashboard template\isomorphic\node_modules\.pnpm\next@14.2.15_@babel+core@7.24.5_react-dom@18.3.1_react@18.3.1__react@18.3.1\node_modules\next\dist\server\response-cache\index.js:90:36
    at async M:\isomorphic v7.4.0 - React admin dashboard template\isomorphic\node_modules\.pnpm\next@14.2.15_@babel+core@7.24.5_react-dom@18.3.1_react@18.3.1__react@18.3.1\node_modules\next\dist\lib\batcher.js:45:32 {
  [cause]: Error: getaddrinfo ENOTFOUND isomorphic-furyroad.s3.amazonaws.com
      at GetAddrInfoReqWrap.onlookupall [as oncomplete] (node:dns:120:26)
      at GetAddrInfoReqWrap.callbackTrampoline (node:internal/async_hooks:130:17) {
    errno: -3008,
    code: 'ENOTFOUND',
    syscall: 'getaddrinfo',
    hostname: 'isomorphic-furyroad.s3.amazonaws.com'
  }
}
TypeError: fetch failed
    at node:internal/deps/undici/undici:13392:13
    at process.processTicksAndRejections (node:internal/process/task_queues:105:5)
    at async fetchExternalImage (M:\isomorphic v7.4.0 - React admin dashboard template\isomorphic\node_modules\.pnpm\next@14.2.15_@babel+core@7.24.5_react-dom@18.3.1_react@18.3.1__react@18.3.1\node_modules\next\dist\server\image-optimizer.js:589:17)
    at async NextNodeServer.imageOptimizer (M:\isomorphic v7.4.0 - React admin dashboard template\isomorphic\node_modules\.pnpm\next@14.2.15_@babel+core@7.24.5_react-dom@18.3.1_react@18.3.1__react@18.3.1\node_modules\next\dist\server\next-server.js:649:48)
    at async cacheEntry.imageResponseCache.get.incrementalCache (M:\isomorphic v7.4.0 - React admin dashboard template\isomorphic\node_modules\.pnpm\next@14.2.15_@babel+core@7.24.5_react-dom@18.3.1_react@18.3.1__react@18.3.1\node_modules\next\dist\server\next-server.js:182:65)
    at async M:\isomorphic v7.4.0 - React admin dashboard template\isomorphic\node_modules\.pnpm\next@14.2.15_@babel+core@7.24.5_react-dom@18.3.1_react@18.3.1__react@18.3.1\node_modules\next\dist\server\response-cache\index.js:90:36
    at async M:\isomorphic v7.4.0 - React admin dashboard template\isomorphic\node_modules\.pnpm\next@14.2.15_@babel+core@7.24.5_react-dom@18.3.1_react@18.3.1__react@18.3.1\node_modules\next\dist\lib\batcher.js:45:32 {
  [cause]: Error: getaddrinfo ENOTFOUND isomorphic-furyroad.s3.amazonaws.com
      at GetAddrInfoReqWrap.onlookupall [as oncomplete] (node:dns:120:26)
      at GetAddrInfoReqWrap.callbackTrampoline (node:internal/async_hooks:130:17) {
    errno: -3008,
    code: 'ENOTFOUND',
    syscall: 'getaddrinfo',
    hostname: 'isomorphic-furyroad.s3.amazonaws.com'
  }
}
TypeError: fetch failed
    at node:internal/deps/undici/undici:13392:13
    at process.processTicksAndRejections (node:internal/process/task_queues:105:5)
    at async fetchExternalImage (M:\isomorphic v7.4.0 - React admin dashboard template\isomorphic\node_modules\.pnpm\next@14.2.15_@babel+core@7.24.5_react-dom@18.3.1_react@18.3.1__react@18.3.1\node_modules\next\dist\server\image-optimizer.js:589:17)
    at async NextNodeServer.imageOptimizer (M:\isomorphic v7.4.0 - React admin dashboard template\isomorphic\node_modules\.pnpm\next@14.2.15_@babel+core@7.24.5_react-dom@18.3.1_react@18.3.1__react@18.3.1\node_modules\next\dist\server\next-server.js:649:48)
    at async cacheEntry.imageResponseCache.get.incrementalCache (M:\isomorphic v7.4.0 - React admin dashboard template\isomorphic\node_modules\.pnpm\next@14.2.15_@babel+core@7.24.5_react-dom@18.3.1_react@18.3.1__react@18.3.1\node_modules\next\dist\server\next-server.js:182:65)
    at async M:\isomorphic v7.4.0 - React admin dashboard template\isomorphic\node_modules\.pnpm\next@14.2.15_@babel+core@7.24.5_react-dom@18.3.1_react@18.3.1__react@18.3.1\node_modules\next\dist\server\response-cache\index.js:90:36
    at async M:\isomorphic v7.4.0 - React admin dashboard template\isomorphic\node_modules\.pnpm\next@14.2.15_@babel+core@7.24.5_react-dom@18.3.1_react@18.3.1__react@18.3.1\node_modules\next\dist\lib\batcher.js:45:32 {
  [cause]: Error: getaddrinfo ENOTFOUND isomorphic-furyroad.s3.amazonaws.com
      at GetAddrInfoReqWrap.onlookupall [as oncomplete] (node:dns:120:26)
      at GetAddrInfoReqWrap.callbackTrampoline (node:internal/async_hooks:130:17) {
    errno: -3008,
    code: 'ENOTFOUND',
    syscall: 'getaddrinfo',
    hostname: 'isomorphic-furyroad.s3.amazonaws.com'
  }
}
TypeError: fetch failed
    at node:internal/deps/undici/undici:13392:13
    at process.processTicksAndRejections (node:internal/process/task_queues:105:5)
    at async fetchExternalImage (M:\isomorphic v7.4.0 - React admin dashboard template\isomorphic\node_modules\.pnpm\next@14.2.15_@babel+core@7.24.5_react-dom@18.3.1_react@18.3.1__react@18.3.1\node_modules\next\dist\server\image-optimizer.js:589:17)
    at async NextNodeServer.imageOptimizer (M:\isomorphic v7.4.0 - React admin dashboard template\isomorphic\node_modules\.pnpm\next@14.2.15_@babel+core@7.24.5_react-dom@18.3.1_react@18.3.1__react@18.3.1\node_modules\next\dist\server\next-server.js:649:48)
    at async cacheEntry.imageResponseCache.get.incrementalCache (M:\isomorphic v7.4.0 - React admin dashboard template\isomorphic\node_modules\.pnpm\next@14.2.15_@babel+core@7.24.5_react-dom@18.3.1_react@18.3.1__react@18.3.1\node_modules\next\dist\server\next-server.js:182:65)
    at async M:\isomorphic v7.4.0 - React admin dashboard template\isomorphic\node_modules\.pnpm\next@14.2.15_@babel+core@7.24.5_react-dom@18.3.1_react@18.3.1__react@18.3.1\node_modules\next\dist\server\response-cache\index.js:90:36
    at async M:\isomorphic v7.4.0 - React admin dashboard template\isomorphic\node_modules\.pnpm\next@14.2.15_@babel+core@7.24.5_react-dom@18.3.1_react@18.3.1__react@18.3.1\node_modules\next\dist\lib\batcher.js:45:32 {
  [cause]: Error: getaddrinfo ENOTFOUND isomorphic-furyroad.s3.amazonaws.com
      at GetAddrInfoReqWrap.onlookupall [as oncomplete] (node:dns:120:26)
      at GetAddrInfoReqWrap.callbackTrampoline (node:internal/async_hooks:130:17) {
    errno: -3008,
    code: 'ENOTFOUND',
    syscall: 'getaddrinfo',
    hostname: 'isomorphic-furyroad.s3.amazonaws.com'
  }
}
TypeError: fetch failed
    at node:internal/deps/undici/undici:13392:13
    at process.processTicksAndRejections (node:internal/process/task_queues:105:5)
    at async fetchExternalImage (M:\isomorphic v7.4.0 - React admin dashboard template\isomorphic\node_modules\.pnpm\next@14.2.15_@babel+core@7.24.5_react-dom@18.3.1_react@18.3.1__react@18.3.1\node_modules\next\dist\server\image-optimizer.js:589:17)
    at async NextNodeServer.imageOptimizer (M:\isomorphic v7.4.0 - React admin dashboard template\isomorphic\node_modules\.pnpm\next@14.2.15_@babel+core@7.24.5_react-dom@18.3.1_react@18.3.1__react@18.3.1\node_modules\next\dist\server\next-server.js:649:48)
    at async cacheEntry.imageResponseCache.get.incrementalCache (M:\isomorphic v7.4.0 - React admin dashboard template\isomorphic\node_modules\.pnpm\next@14.2.15_@babel+core@7.24.5_react-dom@18.3.1_react@18.3.1__react@18.3.1\node_modules\next\dist\server\next-server.js:182:65)
    at async M:\isomorphic v7.4.0 - React admin dashboard template\isomorphic\node_modules\.pnpm\next@14.2.15_@babel+core@7.24.5_react-dom@18.3.1_react@18.3.1__react@18.3.1\node_modules\next\dist\server\response-cache\index.js:90:36
    at async M:\isomorphic v7.4.0 - React admin dashboard template\isomorphic\node_modules\.pnpm\next@14.2.15_@babel+core@7.24.5_react-dom@18.3.1_react@18.3.1__react@18.3.1\node_modules\next\dist\lib\batcher.js:45:32 {
  [cause]: Error: getaddrinfo ENOTFOUND isomorphic-furyroad.s3.amazonaws.com
      at GetAddrInfoReqWrap.onlookupall [as oncomplete] (node:dns:120:26)
      at GetAddrInfoReqWrap.callbackTrampoline (node:internal/async_hooks:130:17) {
    errno: -3008,
    code: 'ENOTFOUND',
    syscall: 'getaddrinfo',
    hostname: 'isomorphic-furyroad.s3.amazonaws.com'
  }
}
TypeError: fetch failed
    at node:internal/deps/undici/undici:13392:13
    at process.processTicksAndRejections (node:internal/process/task_queues:105:5)
    at async fetchExternalImage (M:\isomorphic v7.4.0 - React admin dashboard template\isomorphic\node_modules\.pnpm\next@14.2.15_@babel+core@7.24.5_react-dom@18.3.1_react@18.3.1__react@18.3.1\node_modules\next\dist\server\image-optimizer.js:589:17)
